2025-05-20 23:39:44.925 INFO  [main] com.securechat.Launcher - Server started on port 8888
2025-05-20 23:39:44.929 INFO  [ServerThread] com.securechat.server.Server - [Server-8888] SecureChat server started and listening on port 8888
2025-05-20 23:39:46.931 DEBUG [main] com.securechat.store.SignalStore - [SignalStore] SignalStore instance created, awaiting keys initialization
2025-05-20 23:39:46.932 DEBUG [main] com.securechat.store.SignalStore - [SignalStore] SignalStore instance created, awaiting keys initialization
2025-05-20 23:39:46.934 DEBUG [main] c.s.c.l.SignalProtocolManager - [SignalProtocolManager] Created with provided SignalProtocolStore
2025-05-20 23:39:46.934 DEBUG [main] c.s.c.l.SignalProtocolManager - [SignalProtocolManager] Created with provided SignalProtocolStore
2025-05-20 23:39:46.935 INFO  [main] com.securechat.client.UserClient - [alice] Initializing keys with PreKeyId=1001 and SignedPreKeyId=1002
2025-05-20 23:39:47.004 INFO  [main] com.securechat.store.SignalStore - [SignalStore] Initialized IdentityKeyPair and registration ID 11242
2025-05-20 23:39:47.029 INFO  [main] com.securechat.store.SignalStore - [SignalStore] Stored PreKey with ID: 1001
2025-05-20 23:39:47.034 INFO  [main] com.securechat.store.SignalStore - [SignalStore] Stored SignedPreKey with ID: 1002
2025-05-20 23:39:47.034 INFO  [main] com.securechat.client.UserClient - [alice] Keys initialized successfully
2025-05-20 23:39:47.035 INFO  [main] com.securechat.client.UserClient - [bob] Initializing keys with PreKeyId=2001 and SignedPreKeyId=2002
2025-05-20 23:39:47.036 INFO  [main] com.securechat.store.SignalStore - [SignalStore] Initialized IdentityKeyPair and registration ID 14884
2025-05-20 23:39:47.037 INFO  [main] com.securechat.store.SignalStore - [SignalStore] Stored PreKey with ID: 2001
2025-05-20 23:39:47.038 INFO  [main] com.securechat.store.SignalStore - [SignalStore] Stored SignedPreKey with ID: 2002
2025-05-20 23:39:47.039 INFO  [main] com.securechat.client.UserClient - [bob] Keys initialized successfully
2025-05-20 23:39:47.039 INFO  [main] com.securechat.client.UserClient - [alice] Connecting to server at localhost:8888
2025-05-20 23:39:47.050 INFO  [ServerThread] com.securechat.server.Server - [Server-8888] Accepted new client connection from /127.0.0.1:60299
2025-05-20 23:39:47.052 INFO  [pool-2-thread-1] com.securechat.server.Server - [Server-8888] Started client handler for com.securechat.network.PeerConnection@d3704d6
2025-05-20 23:39:47.052 DEBUG [main] com.securechat.store.SignalStore - [SignalStore] Retrieving local registration ID: 11242
2025-05-20 23:39:47.053 DEBUG [main] c.s.c.libsignal.PreKeyBundleBuilder - [PreKeyBundleBuilder] Building PreKeyBundle with registrationId=11242, deviceId=1, preKeyId=1001, signedPreKeyId=1002
2025-05-20 23:39:47.053 DEBUG [main] com.securechat.store.SignalStore - [SignalStore] Loaded PreKey with ID: 1001
2025-05-20 23:39:47.053 INFO  [main] c.s.c.libsignal.PreKeyBundleBuilder - [PreKeyBundleBuilder] Loaded PreKeyRecord for ID: 1001
2025-05-20 23:39:47.054 DEBUG [main] com.securechat.store.SignalStore - [SignalStore] Loaded SignedPreKey with ID: 1002
2025-05-20 23:39:47.054 INFO  [main] c.s.c.libsignal.PreKeyBundleBuilder - [PreKeyBundleBuilder] Loaded SignedPreKeyRecord for ID: 1002
2025-05-20 23:39:47.054 DEBUG [main] com.securechat.store.SignalStore - [SignalStore] Retrieving IdentityKeyPair
2025-05-20 23:39:47.055 INFO  [main] c.s.c.libsignal.PreKeyBundleBuilder - [PreKeyBundleBuilder] PreKeyBundle successfully built for deviceId 1
2025-05-20 23:39:47.079 DEBUG [main] c.s.crypto.libsignal.PreKeyBundleDTO - [PreKeyBundleDTO] Converting PreKeyBundle to DTO for registrationId=11242, deviceId=1
2025-05-20 23:39:47.079 INFO  [main] c.s.crypto.libsignal.PreKeyBundleDTO - [PreKeyBundleDTO] PreKeyBundleDTO created successfully
2025-05-20 23:39:47.085 INFO  [main] com.securechat.client.UserClient - [alice] Registered PreKeyBundle with server
2025-05-20 23:39:47.085 INFO  [main] c.securechat.network.PacketManager - [alice] PacketManager started listening
2025-05-20 23:39:47.085 INFO  [pool-2-thread-1] com.securechat.server.ClientManager - [ClientManager] Registered PreKeyBundle for user 'alice' device '1'
2025-05-20 23:39:47.086 INFO  [main] com.securechat.client.UserClient - [bob] Connecting to server at localhost:8888
2025-05-20 23:39:47.086 INFO  [pool-2-thread-1] c.securechat.network.MessageRouter - Registered peer for user 'alice' on device 1
2025-05-20 23:39:47.086 DEBUG [main] com.securechat.store.SignalStore - [SignalStore] Retrieving local registration ID: 14884
2025-05-20 23:39:47.086 INFO  [ServerThread] com.securechat.server.Server - [Server-8888] Accepted new client connection from /127.0.0.1:60300
2025-05-20 23:39:47.087 INFO  [pool-2-thread-1] com.securechat.server.Server - [Server-8888] Registered PreKeyBundle for user 'alice' device '1'
2025-05-20 23:39:47.087 DEBUG [main] c.s.c.libsignal.PreKeyBundleBuilder - [PreKeyBundleBuilder] Building PreKeyBundle with registrationId=14884, deviceId=2, preKeyId=2001, signedPreKeyId=2002
2025-05-20 23:39:47.088 DEBUG [main] com.securechat.store.SignalStore - [SignalStore] Loaded PreKey with ID: 2001
2025-05-20 23:39:47.088 INFO  [pool-2-thread-2] com.securechat.server.Server - [Server-8888] Started client handler for com.securechat.network.PeerConnection@301af334
2025-05-20 23:39:47.088 INFO  [main] c.s.c.libsignal.PreKeyBundleBuilder - [PreKeyBundleBuilder] Loaded PreKeyRecord for ID: 2001
2025-05-20 23:39:47.088 DEBUG [main] com.securechat.store.SignalStore - [SignalStore] Loaded SignedPreKey with ID: 2002
2025-05-20 23:39:47.088 INFO  [main] c.s.c.libsignal.PreKeyBundleBuilder - [PreKeyBundleBuilder] Loaded SignedPreKeyRecord for ID: 2002
2025-05-20 23:39:47.089 DEBUG [main] com.securechat.store.SignalStore - [SignalStore] Retrieving IdentityKeyPair
2025-05-20 23:39:47.089 INFO  [main] c.s.c.libsignal.PreKeyBundleBuilder - [PreKeyBundleBuilder] PreKeyBundle successfully built for deviceId 2
2025-05-20 23:39:47.089 DEBUG [main] c.s.crypto.libsignal.PreKeyBundleDTO - [PreKeyBundleDTO] Converting PreKeyBundle to DTO for registrationId=14884, deviceId=2
2025-05-20 23:39:47.090 INFO  [main] c.s.crypto.libsignal.PreKeyBundleDTO - [PreKeyBundleDTO] PreKeyBundleDTO created successfully
2025-05-20 23:39:47.090 INFO  [main] com.securechat.client.UserClient - [bob] Registered PreKeyBundle with server
2025-05-20 23:39:47.090 INFO  [main] c.securechat.network.PacketManager - [bob] PacketManager started listening
2025-05-20 23:39:47.091 INFO  [pool-2-thread-2] com.securechat.server.ClientManager - [ClientManager] Registered PreKeyBundle for user 'bob' device '2'
2025-05-20 23:39:47.091 INFO  [main] com.securechat.client.UserClient - [bob] Establishing session with peer alice:1
2025-05-20 23:39:47.091 INFO  [pool-2-thread-2] c.securechat.network.MessageRouter - Registered peer for user 'bob' on device 2
2025-05-20 23:39:47.092 INFO  [pool-2-thread-2] com.securechat.server.Server - [Server-8888] Registered PreKeyBundle for user 'bob' device '2'
2025-05-20 23:39:47.092 INFO  [main] c.s.crypto.libsignal.SessionManager - [bob] Initiating session with alice:1
2025-05-20 23:39:47.094 DEBUG [pool-2-thread-2] com.securechat.server.ClientManager - [ClientManager] Retrieved PreKeyBundle for user 'alice' device '1'
2025-05-20 23:39:47.094 INFO  [main] c.s.crypto.libsignal.SessionManager - [bob] Sent PREKEY_BUNDLE request to alice:1
2025-05-20 23:39:47.095 INFO  [pool-2-thread-2] com.securechat.server.Server - [Server-8888] Sent PREKEY_BUNDLE to requester 'bob' for user 'alice' device '1'
2025-05-20 23:39:47.096 DEBUG [pool-6-thread-1] c.s.crypto.libsignal.PreKeyBundleDTO - [PreKeyBundleDTO] Converting DTO to PreKeyBundle for registrationId=11242, deviceId=1
2025-05-20 23:39:47.097 INFO  [pool-6-thread-1] c.securechat.network.PacketManager - [bob] Received PREKEY_BUNDLE from alice:1
2025-05-20 23:39:47.099 INFO  [main] com.securechat.store.SignalStore - [SignalStore] No existing identity for alice device 1, trusting new identity
2025-05-20 23:39:47.108 DEBUG [main] com.securechat.store.SignalStore - [SignalStore] Loaded session for alice device 1
2025-05-20 23:39:47.110 DEBUG [main] com.securechat.store.SignalStore - [SignalStore] Retrieving IdentityKeyPair
2025-05-20 23:39:47.134 DEBUG [main] com.securechat.store.SignalStore - [SignalStore] Retrieving local registration ID: 14884
2025-05-20 23:39:47.134 INFO  [main] com.securechat.store.SignalStore - [SignalStore] Saved new identity for alice device 1
2025-05-20 23:39:47.134 DEBUG [main] com.securechat.store.SignalStore - [SignalStore] Stored session for alice device 1
2025-05-20 23:39:47.135 INFO  [main] c.s.crypto.libsignal.SessionManager - [bob] Session successfully established with alice:1
2025-05-20 23:39:47.135 DEBUG [main] com.securechat.store.SignalStore - [SignalStore] Loaded session for alice device 1
2025-05-20 23:39:47.148 DEBUG [main] com.securechat.store.SignalStore - [SignalStore] Identity for alice device 1 trusted? true
2025-05-20 23:39:47.148 DEBUG [main] com.securechat.store.SignalStore - [SignalStore] Identity for alice device 1 unchanged
2025-05-20 23:39:47.149 DEBUG [main] com.securechat.store.SignalStore - [SignalStore] Stored session for alice device 1
2025-05-20 23:39:47.149 DEBUG [main] com.securechat.store.SignalStore - [SignalStore] Loaded session for alice device 1
2025-05-20 23:39:47.149 DEBUG [main] com.securechat.store.SignalStore - [SignalStore] Stored session for alice device 1
2025-05-20 23:39:47.149 INFO  [main] c.s.c.l.SignalProtocolManager - [SignalProtocolManager] Encrypted PreKey message for peer alice device 1
2025-05-20 23:39:47.150 INFO  [main] c.s.crypto.libsignal.SessionManager - [bob] Sent PREKEY_MESSAGE to alice:1
2025-05-20 23:39:47.150 DEBUG [pool-2-thread-2] c.securechat.network.MessageRouter - Routed message from 'bob' to 'alice@1'
2025-05-20 23:39:47.151 DEBUG [pool-5-thread-1] com.securechat.store.SignalStore - [SignalStore] Loaded session for bob device 2
2025-05-20 23:39:47.151 INFO  [pool-2-thread-2] com.securechat.server.Server - [Server-8888] Routed PREKEY_MESSAGE packet from user 'bob' device '2'
2025-05-20 23:39:47.152 DEBUG [pool-5-thread-1] c.s.c.l.SignalProtocolManager - [SignalProtocolManager] Session check for peer bob device 2: true
2025-05-20 23:39:47.155 DEBUG [pool-5-thread-1] com.securechat.store.SignalStore - [SignalStore] Loaded session for bob device 2
2025-05-20 23:39:47.155 INFO  [pool-5-thread-1] com.securechat.store.SignalStore - [SignalStore] No existing identity for bob device 2, trusting new identity
2025-05-20 23:39:47.155 DEBUG [pool-5-thread-1] com.securechat.store.SignalStore - [SignalStore] Loaded SignedPreKey with ID: 1002
2025-05-20 23:39:47.156 DEBUG [pool-5-thread-1] com.securechat.store.SignalStore - [SignalStore] Retrieving IdentityKeyPair
2025-05-20 23:39:47.156 DEBUG [pool-5-thread-1] com.securechat.store.SignalStore - [SignalStore] Loaded PreKey with ID: 1001
2025-05-20 23:39:47.157 DEBUG [pool-5-thread-1] com.securechat.store.SignalStore - [SignalStore] Retrieving local registration ID: 11242
2025-05-20 23:39:47.158 INFO  [pool-5-thread-1] com.securechat.store.SignalStore - [SignalStore] Saved new identity for bob device 2
2025-05-20 23:39:47.160 DEBUG [pool-5-thread-1] com.securechat.store.SignalStore - [SignalStore] Stored session for bob device 2
2025-05-20 23:39:47.160 INFO  [pool-5-thread-1] com.securechat.store.SignalStore - [SignalStore] Removed PreKey with ID: 1001
2025-05-20 23:39:47.160 DEBUG [pool-5-thread-1] com.securechat.store.SignalStore - [SignalStore] Loaded session for bob device 2
2025-05-20 23:39:47.161 DEBUG [pool-5-thread-1] com.securechat.store.SignalStore - [SignalStore] Stored session for bob device 2
2025-05-20 23:39:47.161 INFO  [pool-5-thread-1] c.s.c.l.SignalProtocolManager - [SignalProtocolManager] Decrypted PreKey message from bob device 2
2025-05-20 23:39:47.161 INFO  [pool-5-thread-1] c.securechat.network.PacketManager - [alice] Received PREKEY_MESSAGE from bob:2: Hey Alice, here's my prekey message so you can start chatting securely!
2025-05-20 23:39:47.161 INFO  [pool-5-thread-1] c.securechat.network.PacketManager - [alice] Sent ACK to bob:2
2025-05-20 23:39:47.162 DEBUG [pool-2-thread-1] c.securechat.network.MessageRouter - Routed message from 'alice' to 'bob@2'
2025-05-20 23:39:47.162 INFO  [pool-6-thread-1] c.securechat.network.PacketManager - [bob] Received ACK from alice:1
2025-05-20 23:39:47.162 INFO  [pool-2-thread-1] com.securechat.server.Server - [Server-8888] Routed ACK packet from user 'alice' device '1'
2025-05-20 23:39:50.164 DEBUG [main] com.securechat.store.SignalStore - [SignalStore] Loaded session for bob device 2
2025-05-20 23:39:50.165 DEBUG [main] c.s.c.l.SignalProtocolManager - [SignalProtocolManager] Session check for peer bob device 2: true
2025-05-20 23:39:50.165 DEBUG [main] com.securechat.store.SignalStore - [SignalStore] Loaded session for bob device 2
2025-05-20 23:39:50.166 DEBUG [main] com.securechat.store.SignalStore - [SignalStore] Identity for bob device 2 trusted? true
2025-05-20 23:39:50.166 DEBUG [main] com.securechat.store.SignalStore - [SignalStore] Identity for bob device 2 unchanged
2025-05-20 23:39:50.166 DEBUG [main] com.securechat.store.SignalStore - [SignalStore] Stored session for bob device 2
2025-05-20 23:39:50.166 DEBUG [main] com.securechat.store.SignalStore - [SignalStore] Loaded session for bob device 2
2025-05-20 23:39:50.166 DEBUG [main] com.securechat.store.SignalStore - [SignalStore] Stored session for bob device 2
2025-05-20 23:39:50.167 INFO  [main] c.s.c.l.SignalProtocolManager - [SignalProtocolManager] Encrypted message for peer bob device 2
2025-05-20 23:39:50.167 INFO  [main] c.securechat.network.PacketManager - [alice] Sent MESSAGE to bob
2025-05-20 23:39:50.167 DEBUG [pool-2-thread-1] c.securechat.network.MessageRouter - Routed message from 'alice' to 'bob@2'
2025-05-20 23:39:50.167 INFO  [main] com.securechat.client.UserClient - [alice] Sent message to bob:2
2025-05-20 23:39:50.167 INFO  [pool-2-thread-1] com.securechat.server.Server - [Server-8888] Routed MESSAGE packet from user 'alice' device '1'
2025-05-20 23:39:50.167 DEBUG [pool-6-thread-1] com.securechat.store.SignalStore - [SignalStore] Loaded session for alice device 1
2025-05-20 23:39:50.168 DEBUG [pool-6-thread-1] c.s.c.l.SignalProtocolManager - [SignalProtocolManager] Session check for peer alice device 1: true
2025-05-20 23:39:50.168 DEBUG [pool-6-thread-1] com.securechat.store.SignalStore - [SignalStore] Loaded session for alice device 1
2025-05-20 23:39:50.168 DEBUG [pool-6-thread-1] c.s.c.l.SignalProtocolManager - [SignalProtocolManager] Session check for peer alice device 1: true
2025-05-20 23:39:50.168 DEBUG [pool-6-thread-1] com.securechat.store.SignalStore - [SignalStore] Checking if session exists for alice device 1: true
2025-05-20 23:39:50.169 DEBUG [pool-6-thread-1] com.securechat.store.SignalStore - [SignalStore] Loaded session for alice device 1
2025-05-20 23:39:50.170 DEBUG [pool-6-thread-1] com.securechat.store.SignalStore - [SignalStore] Identity for alice device 1 trusted? true
2025-05-20 23:39:50.170 DEBUG [pool-6-thread-1] com.securechat.store.SignalStore - [SignalStore] Identity for alice device 1 unchanged
2025-05-20 23:39:50.173 DEBUG [pool-6-thread-1] com.securechat.store.SignalStore - [SignalStore] Stored session for alice device 1
2025-05-20 23:39:50.173 DEBUG [pool-6-thread-1] com.securechat.store.SignalStore - [SignalStore] Loaded session for alice device 1
2025-05-20 23:39:50.174 DEBUG [pool-6-thread-1] com.securechat.store.SignalStore - [SignalStore] Stored session for alice device 1
2025-05-20 23:39:50.174 INFO  [pool-6-thread-1] c.s.c.l.SignalProtocolManager - [SignalProtocolManager] Decrypted message from alice device 1
2025-05-20 23:39:50.175 INFO  [pool-6-thread-1] c.securechat.network.PacketManager - [bob] Received MESSAGE from alice:1: 1 Hey Bob! Just got your prekey message. Looks like everything's working!
2025-05-20 23:39:50.672 DEBUG [main] com.securechat.store.SignalStore - [SignalStore] Loaded session for alice device 1
2025-05-20 23:39:50.672 DEBUG [main] c.s.c.l.SignalProtocolManager - [SignalProtocolManager] Session check for peer alice device 1: true
2025-05-20 23:39:50.672 DEBUG [main] com.securechat.store.SignalStore - [SignalStore] Loaded session for alice device 1
2025-05-20 23:39:50.673 DEBUG [main] com.securechat.store.SignalStore - [SignalStore] Identity for alice device 1 trusted? true
2025-05-20 23:39:50.673 DEBUG [main] com.securechat.store.SignalStore - [SignalStore] Identity for alice device 1 unchanged
2025-05-20 23:39:50.673 DEBUG [main] com.securechat.store.SignalStore - [SignalStore] Stored session for alice device 1
2025-05-20 23:39:50.673 DEBUG [main] com.securechat.store.SignalStore - [SignalStore] Loaded session for alice device 1
2025-05-20 23:39:50.674 DEBUG [main] com.securechat.store.SignalStore - [SignalStore] Stored session for alice device 1
2025-05-20 23:39:50.675 INFO  [main] c.s.c.l.SignalProtocolManager - [SignalProtocolManager] Encrypted message for peer alice device 1
2025-05-20 23:39:50.675 INFO  [main] c.securechat.network.PacketManager - [bob] Sent MESSAGE to alice
2025-05-20 23:39:50.675 INFO  [main] com.securechat.client.UserClient - [bob] Sent message to alice:1
2025-05-20 23:39:50.675 DEBUG [pool-2-thread-2] c.securechat.network.MessageRouter - Routed message from 'bob' to 'alice@1'
2025-05-20 23:39:50.676 DEBUG [pool-5-thread-1] com.securechat.store.SignalStore - [SignalStore] Loaded session for bob device 2
2025-05-20 23:39:50.676 INFO  [pool-2-thread-2] com.securechat.server.Server - [Server-8888] Routed MESSAGE packet from user 'bob' device '2'
2025-05-20 23:39:50.676 DEBUG [pool-5-thread-1] c.s.c.l.SignalProtocolManager - [SignalProtocolManager] Session check for peer bob device 2: true
2025-05-20 23:39:50.676 DEBUG [pool-5-thread-1] com.securechat.store.SignalStore - [SignalStore] Loaded session for bob device 2
2025-05-20 23:39:50.676 DEBUG [pool-5-thread-1] c.s.c.l.SignalProtocolManager - [SignalProtocolManager] Session check for peer bob device 2: true
2025-05-20 23:39:50.677 DEBUG [pool-5-thread-1] com.securechat.store.SignalStore - [SignalStore] Checking if session exists for bob device 2: true
2025-05-20 23:39:50.677 DEBUG [pool-5-thread-1] com.securechat.store.SignalStore - [SignalStore] Loaded session for bob device 2
2025-05-20 23:39:50.678 DEBUG [pool-5-thread-1] com.securechat.store.SignalStore - [SignalStore] Identity for bob device 2 trusted? true
2025-05-20 23:39:50.678 DEBUG [pool-5-thread-1] com.securechat.store.SignalStore - [SignalStore] Identity for bob device 2 unchanged
2025-05-20 23:39:50.679 DEBUG [pool-5-thread-1] com.securechat.store.SignalStore - [SignalStore] Stored session for bob device 2
2025-05-20 23:39:50.679 DEBUG [pool-5-thread-1] com.securechat.store.SignalStore - [SignalStore] Loaded session for bob device 2
2025-05-20 23:39:50.679 DEBUG [pool-5-thread-1] com.securechat.store.SignalStore - [SignalStore] Stored session for bob device 2
2025-05-20 23:39:50.680 INFO  [pool-5-thread-1] c.s.c.l.SignalProtocolManager - [SignalProtocolManager] Decrypted message from bob device 2
2025-05-20 23:39:50.683 INFO  [pool-5-thread-1] c.securechat.network.PacketManager - [alice] Received MESSAGE from bob:2: 2 Awesome! I was a bit worried about the setup, but glad it's smooth now.
2025-05-20 23:39:51.181 DEBUG [main] com.securechat.store.SignalStore - [SignalStore] Loaded session for bob device 2
2025-05-20 23:39:51.181 DEBUG [main] c.s.c.l.SignalProtocolManager - [SignalProtocolManager] Session check for peer bob device 2: true
2025-05-20 23:39:51.181 DEBUG [main] com.securechat.store.SignalStore - [SignalStore] Loaded session for bob device 2
2025-05-20 23:39:51.182 DEBUG [main] com.securechat.store.SignalStore - [SignalStore] Identity for bob device 2 trusted? true
2025-05-20 23:39:51.182 DEBUG [main] com.securechat.store.SignalStore - [SignalStore] Identity for bob device 2 unchanged
2025-05-20 23:39:51.182 DEBUG [main] com.securechat.store.SignalStore - [SignalStore] Stored session for bob device 2
2025-05-20 23:39:51.182 DEBUG [main] com.securechat.store.SignalStore - [SignalStore] Loaded session for bob device 2
2025-05-20 23:39:51.183 DEBUG [main] com.securechat.store.SignalStore - [SignalStore] Stored session for bob device 2
2025-05-20 23:39:51.183 INFO  [main] c.s.c.l.SignalProtocolManager - [SignalProtocolManager] Encrypted message for peer bob device 2
2025-05-20 23:39:51.184 INFO  [main] c.securechat.network.PacketManager - [alice] Sent MESSAGE to bob
2025-05-20 23:39:51.184 DEBUG [pool-2-thread-1] c.securechat.network.MessageRouter - Routed message from 'alice' to 'bob@2'
2025-05-20 23:39:51.184 DEBUG [pool-6-thread-1] com.securechat.store.SignalStore - [SignalStore] Loaded session for alice device 1
2025-05-20 23:39:51.184 INFO  [main] com.securechat.client.UserClient - [alice] Sent message to bob:2
2025-05-20 23:39:51.184 INFO  [pool-2-thread-1] com.securechat.server.Server - [Server-8888] Routed MESSAGE packet from user 'alice' device '1'
2025-05-20 23:39:51.184 DEBUG [pool-6-thread-1] c.s.c.l.SignalProtocolManager - [SignalProtocolManager] Session check for peer alice device 1: true
2025-05-20 23:39:51.185 DEBUG [pool-6-thread-1] com.securechat.store.SignalStore - [SignalStore] Loaded session for alice device 1
2025-05-20 23:39:51.185 DEBUG [pool-6-thread-1] c.s.c.l.SignalProtocolManager - [SignalProtocolManager] Session check for peer alice device 1: true
2025-05-20 23:39:51.185 DEBUG [pool-6-thread-1] com.securechat.store.SignalStore - [SignalStore] Checking if session exists for alice device 1: true
2025-05-20 23:39:51.185 DEBUG [pool-6-thread-1] com.securechat.store.SignalStore - [SignalStore] Loaded session for alice device 1
2025-05-20 23:39:51.187 DEBUG [pool-6-thread-1] com.securechat.store.SignalStore - [SignalStore] Identity for alice device 1 trusted? true
2025-05-20 23:39:51.187 DEBUG [pool-6-thread-1] com.securechat.store.SignalStore - [SignalStore] Identity for alice device 1 unchanged
2025-05-20 23:39:51.187 DEBUG [pool-6-thread-1] com.securechat.store.SignalStore - [SignalStore] Stored session for alice device 1
2025-05-20 23:39:51.187 DEBUG [pool-6-thread-1] com.securechat.store.SignalStore - [SignalStore] Loaded session for alice device 1
2025-05-20 23:39:51.187 DEBUG [pool-6-thread-1] com.securechat.store.SignalStore - [SignalStore] Stored session for alice device 1
2025-05-20 23:39:51.188 INFO  [pool-6-thread-1] c.s.c.l.SignalProtocolManager - [SignalProtocolManager] Decrypted message from alice device 1
2025-05-20 23:39:51.188 INFO  [pool-6-thread-1] c.securechat.network.PacketManager - [bob] Received MESSAGE from alice:1: 3 Yeah, it's been a pretty smooth experience. I like how quickly sessions establish.
2025-05-20 23:39:51.690 DEBUG [main] com.securechat.store.SignalStore - [SignalStore] Loaded session for alice device 1
2025-05-20 23:39:51.690 DEBUG [main] c.s.c.l.SignalProtocolManager - [SignalProtocolManager] Session check for peer alice device 1: true
2025-05-20 23:39:51.690 DEBUG [main] com.securechat.store.SignalStore - [SignalStore] Loaded session for alice device 1
2025-05-20 23:39:51.691 DEBUG [main] com.securechat.store.SignalStore - [SignalStore] Identity for alice device 1 trusted? true
2025-05-20 23:39:51.691 DEBUG [main] com.securechat.store.SignalStore - [SignalStore] Identity for alice device 1 unchanged
2025-05-20 23:39:51.691 DEBUG [main] com.securechat.store.SignalStore - [SignalStore] Stored session for alice device 1
2025-05-20 23:39:51.691 DEBUG [main] com.securechat.store.SignalStore - [SignalStore] Loaded session for alice device 1
2025-05-20 23:39:51.691 DEBUG [main] com.securechat.store.SignalStore - [SignalStore] Stored session for alice device 1
2025-05-20 23:39:51.691 INFO  [main] c.s.c.l.SignalProtocolManager - [SignalProtocolManager] Encrypted message for peer alice device 1
2025-05-20 23:39:51.692 INFO  [main] c.securechat.network.PacketManager - [bob] Sent MESSAGE to alice
2025-05-20 23:39:51.692 DEBUG [pool-2-thread-2] c.securechat.network.MessageRouter - Routed message from 'bob' to 'alice@1'
2025-05-20 23:39:51.692 INFO  [main] com.securechat.client.UserClient - [bob] Sent message to alice:1
2025-05-20 23:39:51.692 DEBUG [pool-5-thread-1] com.securechat.store.SignalStore - [SignalStore] Loaded session for bob device 2
2025-05-20 23:39:51.692 INFO  [pool-2-thread-2] com.securechat.server.Server - [Server-8888] Routed MESSAGE packet from user 'bob' device '2'
2025-05-20 23:39:51.692 DEBUG [pool-5-thread-1] c.s.c.l.SignalProtocolManager - [SignalProtocolManager] Session check for peer bob device 2: true
2025-05-20 23:39:51.693 DEBUG [pool-5-thread-1] com.securechat.store.SignalStore - [SignalStore] Loaded session for bob device 2
2025-05-20 23:39:51.693 DEBUG [pool-5-thread-1] c.s.c.l.SignalProtocolManager - [SignalProtocolManager] Session check for peer bob device 2: true
2025-05-20 23:39:51.693 DEBUG [pool-5-thread-1] com.securechat.store.SignalStore - [SignalStore] Checking if session exists for bob device 2: true
2025-05-20 23:39:51.693 DEBUG [pool-5-thread-1] com.securechat.store.SignalStore - [SignalStore] Loaded session for bob device 2
2025-05-20 23:39:51.695 DEBUG [pool-5-thread-1] com.securechat.store.SignalStore - [SignalStore] Identity for bob device 2 trusted? true
2025-05-20 23:39:51.696 DEBUG [pool-5-thread-1] com.securechat.store.SignalStore - [SignalStore] Identity for bob device 2 unchanged
2025-05-20 23:39:51.696 DEBUG [pool-5-thread-1] com.securechat.store.SignalStore - [SignalStore] Stored session for bob device 2
2025-05-20 23:39:51.696 DEBUG [pool-5-thread-1] com.securechat.store.SignalStore - [SignalStore] Loaded session for bob device 2
2025-05-20 23:39:51.696 DEBUG [pool-5-thread-1] com.securechat.store.SignalStore - [SignalStore] Stored session for bob device 2
2025-05-20 23:39:51.696 INFO  [pool-5-thread-1] c.s.c.l.SignalProtocolManager - [SignalProtocolManager] Decrypted message from bob device 2
2025-05-20 23:39:51.697 INFO  [pool-5-thread-1] c.securechat.network.PacketManager - [alice] Received MESSAGE from bob:2: 4 For sure. We should probably do a more extended test though. Maybe simulate a real chat?
2025-05-20 23:39:52.198 DEBUG [main] com.securechat.store.SignalStore - [SignalStore] Loaded session for bob device 2
2025-05-20 23:39:52.198 DEBUG [main] c.s.c.l.SignalProtocolManager - [SignalProtocolManager] Session check for peer bob device 2: true
2025-05-20 23:39:52.198 DEBUG [main] com.securechat.store.SignalStore - [SignalStore] Loaded session for bob device 2
2025-05-20 23:39:52.199 DEBUG [main] com.securechat.store.SignalStore - [SignalStore] Identity for bob device 2 trusted? true
2025-05-20 23:39:52.199 DEBUG [main] com.securechat.store.SignalStore - [SignalStore] Identity for bob device 2 unchanged
2025-05-20 23:39:52.199 DEBUG [main] com.securechat.store.SignalStore - [SignalStore] Stored session for bob device 2
2025-05-20 23:39:52.199 DEBUG [main] com.securechat.store.SignalStore - [SignalStore] Loaded session for bob device 2
2025-05-20 23:39:52.200 DEBUG [main] com.securechat.store.SignalStore - [SignalStore] Stored session for bob device 2
2025-05-20 23:39:52.200 INFO  [main] c.s.c.l.SignalProtocolManager - [SignalProtocolManager] Encrypted message for peer bob device 2
2025-05-20 23:39:52.200 INFO  [main] c.securechat.network.PacketManager - [alice] Sent MESSAGE to bob
2025-05-20 23:39:52.201 DEBUG [pool-2-thread-1] c.securechat.network.MessageRouter - Routed message from 'alice' to 'bob@2'
2025-05-20 23:39:52.201 INFO  [main] com.securechat.client.UserClient - [alice] Sent message to bob:2
2025-05-20 23:39:52.201 DEBUG [pool-6-thread-1] com.securechat.store.SignalStore - [SignalStore] Loaded session for alice device 1
2025-05-20 23:39:52.201 INFO  [pool-2-thread-1] com.securechat.server.Server - [Server-8888] Routed MESSAGE packet from user 'alice' device '1'
2025-05-20 23:39:52.201 DEBUG [pool-6-thread-1] c.s.c.l.SignalProtocolManager - [SignalProtocolManager] Session check for peer alice device 1: true
2025-05-20 23:39:52.202 DEBUG [pool-6-thread-1] com.securechat.store.SignalStore - [SignalStore] Loaded session for alice device 1
2025-05-20 23:39:52.202 DEBUG [pool-6-thread-1] c.s.c.l.SignalProtocolManager - [SignalProtocolManager] Session check for peer alice device 1: true
2025-05-20 23:39:52.202 DEBUG [pool-6-thread-1] com.securechat.store.SignalStore - [SignalStore] Checking if session exists for alice device 1: true
2025-05-20 23:39:52.203 DEBUG [pool-6-thread-1] com.securechat.store.SignalStore - [SignalStore] Loaded session for alice device 1
2025-05-20 23:39:52.205 DEBUG [pool-6-thread-1] com.securechat.store.SignalStore - [SignalStore] Identity for alice device 1 trusted? true
2025-05-20 23:39:52.207 DEBUG [pool-6-thread-1] com.securechat.store.SignalStore - [SignalStore] Identity for alice device 1 unchanged
2025-05-20 23:39:52.207 DEBUG [pool-6-thread-1] com.securechat.store.SignalStore - [SignalStore] Stored session for alice device 1
2025-05-20 23:39:52.208 DEBUG [pool-6-thread-1] com.securechat.store.SignalStore - [SignalStore] Loaded session for alice device 1
2025-05-20 23:39:52.208 DEBUG [pool-6-thread-1] com.securechat.store.SignalStore - [SignalStore] Stored session for alice device 1
2025-05-20 23:39:52.208 INFO  [pool-6-thread-1] c.s.c.l.SignalProtocolManager - [SignalProtocolManager] Decrypted message from alice device 1
2025-05-20 23:39:52.209 INFO  [pool-6-thread-1] c.securechat.network.PacketManager - [bob] Received MESSAGE from alice:1: 5 Agreed. So imagine we're planning for a weekend hike. What gear do you think we'll need?
2025-05-20 23:39:52.707 DEBUG [main] com.securechat.store.SignalStore - [SignalStore] Loaded session for alice device 1
2025-05-20 23:39:52.707 DEBUG [main] c.s.c.l.SignalProtocolManager - [SignalProtocolManager] Session check for peer alice device 1: true
2025-05-20 23:39:52.708 DEBUG [main] com.securechat.store.SignalStore - [SignalStore] Loaded session for alice device 1
2025-05-20 23:39:52.708 DEBUG [main] com.securechat.store.SignalStore - [SignalStore] Identity for alice device 1 trusted? true
2025-05-20 23:39:52.709 DEBUG [main] com.securechat.store.SignalStore - [SignalStore] Identity for alice device 1 unchanged
2025-05-20 23:39:52.709 DEBUG [main] com.securechat.store.SignalStore - [SignalStore] Stored session for alice device 1
2025-05-20 23:39:52.709 DEBUG [main] com.securechat.store.SignalStore - [SignalStore] Loaded session for alice device 1
2025-05-20 23:39:52.709 DEBUG [main] com.securechat.store.SignalStore - [SignalStore] Stored session for alice device 1
2025-05-20 23:39:52.709 INFO  [main] c.s.c.l.SignalProtocolManager - [SignalProtocolManager] Encrypted message for peer alice device 1
2025-05-20 23:39:52.710 INFO  [main] c.securechat.network.PacketManager - [bob] Sent MESSAGE to alice
2025-05-20 23:39:52.710 DEBUG [pool-2-thread-2] c.securechat.network.MessageRouter - Routed message from 'bob' to 'alice@1'
2025-05-20 23:39:52.710 INFO  [main] com.securechat.client.UserClient - [bob] Sent message to alice:1
2025-05-20 23:39:52.710 DEBUG [pool-5-thread-1] com.securechat.store.SignalStore - [SignalStore] Loaded session for bob device 2
2025-05-20 23:39:52.711 INFO  [pool-2-thread-2] com.securechat.server.Server - [Server-8888] Routed MESSAGE packet from user 'bob' device '2'
2025-05-20 23:39:52.711 DEBUG [pool-5-thread-1] c.s.c.l.SignalProtocolManager - [SignalProtocolManager] Session check for peer bob device 2: true
2025-05-20 23:39:52.711 DEBUG [pool-5-thread-1] com.securechat.store.SignalStore - [SignalStore] Loaded session for bob device 2
2025-05-20 23:39:52.711 DEBUG [pool-5-thread-1] c.s.c.l.SignalProtocolManager - [SignalProtocolManager] Session check for peer bob device 2: true
2025-05-20 23:39:52.712 DEBUG [pool-5-thread-1] com.securechat.store.SignalStore - [SignalStore] Checking if session exists for bob device 2: true
2025-05-20 23:39:52.712 DEBUG [pool-5-thread-1] com.securechat.store.SignalStore - [SignalStore] Loaded session for bob device 2
2025-05-20 23:39:52.714 DEBUG [pool-5-thread-1] com.securechat.store.SignalStore - [SignalStore] Identity for bob device 2 trusted? true
2025-05-20 23:39:52.714 DEBUG [pool-5-thread-1] com.securechat.store.SignalStore - [SignalStore] Identity for bob device 2 unchanged
2025-05-20 23:39:52.714 DEBUG [pool-5-thread-1] com.securechat.store.SignalStore - [SignalStore] Stored session for bob device 2
2025-05-20 23:39:52.715 DEBUG [pool-5-thread-1] com.securechat.store.SignalStore - [SignalStore] Loaded session for bob device 2
2025-05-20 23:39:52.715 DEBUG [pool-5-thread-1] com.securechat.store.SignalStore - [SignalStore] Stored session for bob device 2
2025-05-20 23:39:52.715 INFO  [pool-5-thread-1] c.s.c.l.SignalProtocolManager - [SignalProtocolManager] Decrypted message from bob device 2
2025-05-20 23:39:52.715 INFO  [pool-5-thread-1] c.securechat.network.PacketManager - [alice] Received MESSAGE from bob:2: 6 Hmm, definitely hiking boots, a hydration pack, probably a jacket depending on the weather.
2025-05-20 23:39:53.215 DEBUG [main] com.securechat.store.SignalStore - [SignalStore] Loaded session for bob device 2
2025-05-20 23:39:53.215 DEBUG [main] c.s.c.l.SignalProtocolManager - [SignalProtocolManager] Session check for peer bob device 2: true
2025-05-20 23:39:53.216 DEBUG [main] com.securechat.store.SignalStore - [SignalStore] Loaded session for bob device 2
2025-05-20 23:39:53.216 DEBUG [main] com.securechat.store.SignalStore - [SignalStore] Identity for bob device 2 trusted? true
2025-05-20 23:39:53.217 DEBUG [main] com.securechat.store.SignalStore - [SignalStore] Identity for bob device 2 unchanged
2025-05-20 23:39:53.217 DEBUG [main] com.securechat.store.SignalStore - [SignalStore] Stored session for bob device 2
2025-05-20 23:39:53.217 DEBUG [main] com.securechat.store.SignalStore - [SignalStore] Loaded session for bob device 2
2025-05-20 23:39:53.217 DEBUG [main] com.securechat.store.SignalStore - [SignalStore] Stored session for bob device 2
2025-05-20 23:39:53.218 INFO  [main] c.s.c.l.SignalProtocolManager - [SignalProtocolManager] Encrypted message for peer bob device 2
2025-05-20 23:39:53.218 INFO  [main] c.securechat.network.PacketManager - [alice] Sent MESSAGE to bob
2025-05-20 23:39:53.218 DEBUG [pool-2-thread-1] c.securechat.network.MessageRouter - Routed message from 'alice' to 'bob@2'
2025-05-20 23:39:53.218 INFO  [main] com.securechat.client.UserClient - [alice] Sent message to bob:2
2025-05-20 23:39:53.218 DEBUG [pool-6-thread-1] com.securechat.store.SignalStore - [SignalStore] Loaded session for alice device 1
2025-05-20 23:39:53.218 INFO  [pool-2-thread-1] com.securechat.server.Server - [Server-8888] Routed MESSAGE packet from user 'alice' device '1'
2025-05-20 23:39:53.219 DEBUG [pool-6-thread-1] c.s.c.l.SignalProtocolManager - [SignalProtocolManager] Session check for peer alice device 1: true
2025-05-20 23:39:53.219 DEBUG [pool-6-thread-1] com.securechat.store.SignalStore - [SignalStore] Loaded session for alice device 1
2025-05-20 23:39:53.219 DEBUG [pool-6-thread-1] c.s.c.l.SignalProtocolManager - [SignalProtocolManager] Session check for peer alice device 1: true
2025-05-20 23:39:53.219 DEBUG [pool-6-thread-1] com.securechat.store.SignalStore - [SignalStore] Checking if session exists for alice device 1: true
2025-05-20 23:39:53.219 DEBUG [pool-6-thread-1] com.securechat.store.SignalStore - [SignalStore] Loaded session for alice device 1
2025-05-20 23:39:53.220 DEBUG [pool-6-thread-1] com.securechat.store.SignalStore - [SignalStore] Identity for alice device 1 trusted? true
2025-05-20 23:39:53.220 DEBUG [pool-6-thread-1] com.securechat.store.SignalStore - [SignalStore] Identity for alice device 1 unchanged
2025-05-20 23:39:53.220 DEBUG [pool-6-thread-1] com.securechat.store.SignalStore - [SignalStore] Stored session for alice device 1
2025-05-20 23:39:53.221 DEBUG [pool-6-thread-1] com.securechat.store.SignalStore - [SignalStore] Loaded session for alice device 1
2025-05-20 23:39:53.221 DEBUG [pool-6-thread-1] com.securechat.store.SignalStore - [SignalStore] Stored session for alice device 1
2025-05-20 23:39:53.221 INFO  [pool-6-thread-1] c.s.c.l.SignalProtocolManager - [SignalProtocolManager] Decrypted message from alice device 1
2025-05-20 23:39:53.221 INFO  [pool-6-thread-1] c.securechat.network.PacketManager - [bob] Received MESSAGE from alice:1: 7 Good call. Also thinking of bringing a GPS tracker just in case. Signal might get weak in the mountains.
2025-05-20 23:39:53.723 DEBUG [main] com.securechat.store.SignalStore - [SignalStore] Loaded session for alice device 1
2025-05-20 23:39:53.723 DEBUG [main] c.s.c.l.SignalProtocolManager - [SignalProtocolManager] Session check for peer alice device 1: true
2025-05-20 23:39:53.723 DEBUG [main] com.securechat.store.SignalStore - [SignalStore] Loaded session for alice device 1
2025-05-20 23:39:53.724 DEBUG [main] com.securechat.store.SignalStore - [SignalStore] Identity for alice device 1 trusted? true
2025-05-20 23:39:53.724 DEBUG [main] com.securechat.store.SignalStore - [SignalStore] Identity for alice device 1 unchanged
2025-05-20 23:39:53.724 DEBUG [main] com.securechat.store.SignalStore - [SignalStore] Stored session for alice device 1
2025-05-20 23:39:53.724 DEBUG [main] com.securechat.store.SignalStore - [SignalStore] Loaded session for alice device 1
2025-05-20 23:39:53.724 DEBUG [main] com.securechat.store.SignalStore - [SignalStore] Stored session for alice device 1
2025-05-20 23:39:53.724 INFO  [main] c.s.c.l.SignalProtocolManager - [SignalProtocolManager] Encrypted message for peer alice device 1
2025-05-20 23:39:53.725 INFO  [main] c.securechat.network.PacketManager - [bob] Sent MESSAGE to alice
2025-05-20 23:39:53.725 DEBUG [pool-2-thread-2] c.securechat.network.MessageRouter - Routed message from 'bob' to 'alice@1'
2025-05-20 23:39:53.725 DEBUG [pool-5-thread-1] com.securechat.store.SignalStore - [SignalStore] Loaded session for bob device 2
2025-05-20 23:39:53.725 INFO  [main] com.securechat.client.UserClient - [bob] Sent message to alice:1
2025-05-20 23:39:53.726 INFO  [pool-2-thread-2] com.securechat.server.Server - [Server-8888] Routed MESSAGE packet from user 'bob' device '2'
2025-05-20 23:39:53.726 DEBUG [pool-5-thread-1] c.s.c.l.SignalProtocolManager - [SignalProtocolManager] Session check for peer bob device 2: true
2025-05-20 23:39:53.726 DEBUG [pool-5-thread-1] com.securechat.store.SignalStore - [SignalStore] Loaded session for bob device 2
2025-05-20 23:39:53.726 DEBUG [pool-5-thread-1] c.s.c.l.SignalProtocolManager - [SignalProtocolManager] Session check for peer bob device 2: true
2025-05-20 23:39:53.726 DEBUG [pool-5-thread-1] com.securechat.store.SignalStore - [SignalStore] Checking if session exists for bob device 2: true
2025-05-20 23:39:53.727 DEBUG [pool-5-thread-1] com.securechat.store.SignalStore - [SignalStore] Loaded session for bob device 2
2025-05-20 23:39:53.728 DEBUG [pool-5-thread-1] com.securechat.store.SignalStore - [SignalStore] Identity for bob device 2 trusted? true
2025-05-20 23:39:53.728 DEBUG [pool-5-thread-1] com.securechat.store.SignalStore - [SignalStore] Identity for bob device 2 unchanged
2025-05-20 23:39:53.728 DEBUG [pool-5-thread-1] com.securechat.store.SignalStore - [SignalStore] Stored session for bob device 2
2025-05-20 23:39:53.728 DEBUG [pool-5-thread-1] com.securechat.store.SignalStore - [SignalStore] Loaded session for bob device 2
2025-05-20 23:39:53.728 DEBUG [pool-5-thread-1] com.securechat.store.SignalStore - [SignalStore] Stored session for bob device 2
2025-05-20 23:39:53.728 INFO  [pool-5-thread-1] c.s.c.l.SignalProtocolManager - [SignalProtocolManager] Decrypted message from bob device 2
2025-05-20 23:39:53.729 INFO  [pool-5-thread-1] c.securechat.network.PacketManager - [alice] Received MESSAGE from bob:2: 8 Smart. I'll also bring a small first aid kit. Better safe than sorry.
2025-05-20 23:39:54.232 DEBUG [main] com.securechat.store.SignalStore - [SignalStore] Loaded session for bob device 2
2025-05-20 23:39:54.233 DEBUG [main] c.s.c.l.SignalProtocolManager - [SignalProtocolManager] Session check for peer bob device 2: true
2025-05-20 23:39:54.233 DEBUG [main] com.securechat.store.SignalStore - [SignalStore] Loaded session for bob device 2
2025-05-20 23:39:54.234 DEBUG [main] com.securechat.store.SignalStore - [SignalStore] Identity for bob device 2 trusted? true
2025-05-20 23:39:54.234 DEBUG [main] com.securechat.store.SignalStore - [SignalStore] Identity for bob device 2 unchanged
2025-05-20 23:39:54.234 DEBUG [main] com.securechat.store.SignalStore - [SignalStore] Stored session for bob device 2
2025-05-20 23:39:54.234 DEBUG [main] com.securechat.store.SignalStore - [SignalStore] Loaded session for bob device 2
2025-05-20 23:39:54.234 DEBUG [main] com.securechat.store.SignalStore - [SignalStore] Stored session for bob device 2
2025-05-20 23:39:54.235 INFO  [main] c.s.c.l.SignalProtocolManager - [SignalProtocolManager] Encrypted message for peer bob device 2
2025-05-20 23:39:54.235 INFO  [main] c.securechat.network.PacketManager - [alice] Sent MESSAGE to bob
2025-05-20 23:39:54.236 INFO  [main] com.securechat.client.UserClient - [alice] Sent message to bob:2
2025-05-20 23:39:54.236 DEBUG [pool-2-thread-1] c.securechat.network.MessageRouter - Routed message from 'alice' to 'bob@2'
2025-05-20 23:39:54.236 DEBUG [pool-6-thread-1] com.securechat.store.SignalStore - [SignalStore] Loaded session for alice device 1
2025-05-20 23:39:54.236 INFO  [pool-2-thread-1] com.securechat.server.Server - [Server-8888] Routed MESSAGE packet from user 'alice' device '1'
2025-05-20 23:39:54.236 DEBUG [pool-6-thread-1] c.s.c.l.SignalProtocolManager - [SignalProtocolManager] Session check for peer alice device 1: true
2025-05-20 23:39:54.236 DEBUG [pool-6-thread-1] com.securechat.store.SignalStore - [SignalStore] Loaded session for alice device 1
2025-05-20 23:39:54.237 DEBUG [pool-6-thread-1] c.s.c.l.SignalProtocolManager - [SignalProtocolManager] Session check for peer alice device 1: true
2025-05-20 23:39:54.237 DEBUG [pool-6-thread-1] com.securechat.store.SignalStore - [SignalStore] Checking if session exists for alice device 1: true
2025-05-20 23:39:54.237 DEBUG [pool-6-thread-1] com.securechat.store.SignalStore - [SignalStore] Loaded session for alice device 1
2025-05-20 23:39:54.238 DEBUG [pool-6-thread-1] com.securechat.store.SignalStore - [SignalStore] Identity for alice device 1 trusted? true
2025-05-20 23:39:54.239 DEBUG [pool-6-thread-1] com.securechat.store.SignalStore - [SignalStore] Identity for alice device 1 unchanged
2025-05-20 23:39:54.239 DEBUG [pool-6-thread-1] com.securechat.store.SignalStore - [SignalStore] Stored session for alice device 1
2025-05-20 23:39:54.239 DEBUG [pool-6-thread-1] com.securechat.store.SignalStore - [SignalStore] Loaded session for alice device 1
2025-05-20 23:39:54.239 DEBUG [pool-6-thread-1] com.securechat.store.SignalStore - [SignalStore] Stored session for alice device 1
2025-05-20 23:39:54.240 INFO  [pool-6-thread-1] c.s.c.l.SignalProtocolManager - [SignalProtocolManager] Decrypted message from alice device 1
2025-05-20 23:39:54.240 INFO  [pool-6-thread-1] c.securechat.network.PacketManager - [bob] Received MESSAGE from alice:1: 9 Nice. Okay, this conversation has now reached a healthy message count for load testing 😄
2025-05-20 23:39:54.741 DEBUG [main] com.securechat.store.SignalStore - [SignalStore] Loaded session for alice device 1
2025-05-20 23:39:54.741 DEBUG [main] c.s.c.l.SignalProtocolManager - [SignalProtocolManager] Session check for peer alice device 1: true
2025-05-20 23:39:54.741 DEBUG [main] com.securechat.store.SignalStore - [SignalStore] Loaded session for alice device 1
2025-05-20 23:39:54.742 DEBUG [main] com.securechat.store.SignalStore - [SignalStore] Identity for alice device 1 trusted? true
2025-05-20 23:39:54.742 DEBUG [main] com.securechat.store.SignalStore - [SignalStore] Identity for alice device 1 unchanged
2025-05-20 23:39:54.742 DEBUG [main] com.securechat.store.SignalStore - [SignalStore] Stored session for alice device 1
2025-05-20 23:39:54.742 DEBUG [main] com.securechat.store.SignalStore - [SignalStore] Loaded session for alice device 1
2025-05-20 23:39:54.742 DEBUG [main] com.securechat.store.SignalStore - [SignalStore] Stored session for alice device 1
2025-05-20 23:39:54.743 INFO  [main] c.s.c.l.SignalProtocolManager - [SignalProtocolManager] Encrypted message for peer alice device 1
2025-05-20 23:39:54.743 INFO  [main] c.securechat.network.PacketManager - [bob] Sent MESSAGE to alice
2025-05-20 23:39:54.743 DEBUG [pool-2-thread-2] c.securechat.network.MessageRouter - Routed message from 'bob' to 'alice@1'
2025-05-20 23:39:54.743 INFO  [main] com.securechat.client.UserClient - [bob] Sent message to alice:1
2025-05-20 23:39:54.743 DEBUG [pool-5-thread-1] com.securechat.store.SignalStore - [SignalStore] Loaded session for bob device 2
2025-05-20 23:39:54.743 INFO  [pool-2-thread-2] com.securechat.server.Server - [Server-8888] Routed MESSAGE packet from user 'bob' device '2'
2025-05-20 23:39:54.743 DEBUG [pool-5-thread-1] c.s.c.l.SignalProtocolManager - [SignalProtocolManager] Session check for peer bob device 2: true
2025-05-20 23:39:54.744 DEBUG [pool-5-thread-1] com.securechat.store.SignalStore - [SignalStore] Loaded session for bob device 2
2025-05-20 23:39:54.744 DEBUG [pool-5-thread-1] c.s.c.l.SignalProtocolManager - [SignalProtocolManager] Session check for peer bob device 2: true
2025-05-20 23:39:54.744 DEBUG [pool-5-thread-1] com.securechat.store.SignalStore - [SignalStore] Checking if session exists for bob device 2: true
2025-05-20 23:39:54.744 DEBUG [pool-5-thread-1] com.securechat.store.SignalStore - [SignalStore] Loaded session for bob device 2
2025-05-20 23:39:54.745 DEBUG [pool-5-thread-1] com.securechat.store.SignalStore - [SignalStore] Identity for bob device 2 trusted? true
2025-05-20 23:39:54.745 DEBUG [pool-5-thread-1] com.securechat.store.SignalStore - [SignalStore] Identity for bob device 2 unchanged
2025-05-20 23:39:54.746 DEBUG [pool-5-thread-1] com.securechat.store.SignalStore - [SignalStore] Stored session for bob device 2
2025-05-20 23:39:54.746 DEBUG [pool-5-thread-1] com.securechat.store.SignalStore - [SignalStore] Loaded session for bob device 2
2025-05-20 23:39:54.746 DEBUG [pool-5-thread-1] com.securechat.store.SignalStore - [SignalStore] Stored session for bob device 2
2025-05-20 23:39:54.746 INFO  [pool-5-thread-1] c.s.c.l.SignalProtocolManager - [SignalProtocolManager] Decrypted message from bob device 2
2025-05-20 23:39:54.747 INFO  [pool-5-thread-1] c.securechat.network.PacketManager - [alice] Received MESSAGE from bob:2: 10 Haha, yeah! This should be a good stress test for both encryption and delivery reliability.
2025-05-20 23:39:55.249 DEBUG [main] com.securechat.store.SignalStore - [SignalStore] Loaded session for bob device 2
2025-05-20 23:39:55.249 DEBUG [main] c.s.c.l.SignalProtocolManager - [SignalProtocolManager] Session check for peer bob device 2: true
2025-05-20 23:39:55.249 DEBUG [main] com.securechat.store.SignalStore - [SignalStore] Loaded session for bob device 2
2025-05-20 23:39:55.250 DEBUG [main] com.securechat.store.SignalStore - [SignalStore] Identity for bob device 2 trusted? true
2025-05-20 23:39:55.250 DEBUG [main] com.securechat.store.SignalStore - [SignalStore] Identity for bob device 2 unchanged
2025-05-20 23:39:55.250 DEBUG [main] com.securechat.store.SignalStore - [SignalStore] Stored session for bob device 2
2025-05-20 23:39:55.250 DEBUG [main] com.securechat.store.SignalStore - [SignalStore] Loaded session for bob device 2
2025-05-20 23:39:55.250 DEBUG [main] com.securechat.store.SignalStore - [SignalStore] Stored session for bob device 2
2025-05-20 23:39:55.250 INFO  [main] c.s.c.l.SignalProtocolManager - [SignalProtocolManager] Encrypted message for peer bob device 2
2025-05-20 23:39:55.251 INFO  [main] c.securechat.network.PacketManager - [alice] Sent MESSAGE to bob
2025-05-20 23:39:55.251 DEBUG [pool-2-thread-1] c.securechat.network.MessageRouter - Routed message from 'alice' to 'bob@2'
2025-05-20 23:39:55.251 INFO  [main] com.securechat.client.UserClient - [alice] Sent message to bob:2
2025-05-20 23:39:55.251 DEBUG [pool-6-thread-1] com.securechat.store.SignalStore - [SignalStore] Loaded session for alice device 1
2025-05-20 23:39:55.251 INFO  [pool-2-thread-1] com.securechat.server.Server - [Server-8888] Routed MESSAGE packet from user 'alice' device '1'
2025-05-20 23:39:55.251 DEBUG [pool-6-thread-1] c.s.c.l.SignalProtocolManager - [SignalProtocolManager] Session check for peer alice device 1: true
2025-05-20 23:39:55.252 DEBUG [pool-6-thread-1] com.securechat.store.SignalStore - [SignalStore] Loaded session for alice device 1
2025-05-20 23:39:55.252 DEBUG [pool-6-thread-1] c.s.c.l.SignalProtocolManager - [SignalProtocolManager] Session check for peer alice device 1: true
2025-05-20 23:39:55.252 DEBUG [pool-6-thread-1] com.securechat.store.SignalStore - [SignalStore] Checking if session exists for alice device 1: true
2025-05-20 23:39:55.252 DEBUG [pool-6-thread-1] com.securechat.store.SignalStore - [SignalStore] Loaded session for alice device 1
2025-05-20 23:39:55.253 DEBUG [pool-6-thread-1] com.securechat.store.SignalStore - [SignalStore] Identity for alice device 1 trusted? true
2025-05-20 23:39:55.253 DEBUG [pool-6-thread-1] com.securechat.store.SignalStore - [SignalStore] Identity for alice device 1 unchanged
2025-05-20 23:39:55.253 DEBUG [pool-6-thread-1] com.securechat.store.SignalStore - [SignalStore] Stored session for alice device 1
2025-05-20 23:39:55.253 DEBUG [pool-6-thread-1] com.securechat.store.SignalStore - [SignalStore] Loaded session for alice device 1
2025-05-20 23:39:55.253 DEBUG [pool-6-thread-1] com.securechat.store.SignalStore - [SignalStore] Stored session for alice device 1
2025-05-20 23:39:55.253 INFO  [pool-6-thread-1] c.s.c.l.SignalProtocolManager - [SignalProtocolManager] Decrypted message from alice device 1
2025-05-20 23:39:55.254 INFO  [pool-6-thread-1] c.securechat.network.PacketManager - [bob] Received MESSAGE from alice:1: 11 Absolutely. We'll check the logs after to verify everything went smoothly. Thanks for helping me test!
2025-05-20 23:39:55.758 DEBUG [main] com.securechat.store.SignalStore - [SignalStore] Loaded session for alice device 1
2025-05-20 23:39:55.758 DEBUG [main] c.s.c.l.SignalProtocolManager - [SignalProtocolManager] Session check for peer alice device 1: true
2025-05-20 23:39:55.759 DEBUG [main] com.securechat.store.SignalStore - [SignalStore] Loaded session for alice device 1
2025-05-20 23:39:55.759 DEBUG [main] com.securechat.store.SignalStore - [SignalStore] Identity for alice device 1 trusted? true
2025-05-20 23:39:55.759 DEBUG [main] com.securechat.store.SignalStore - [SignalStore] Identity for alice device 1 unchanged
2025-05-20 23:39:55.760 DEBUG [main] com.securechat.store.SignalStore - [SignalStore] Stored session for alice device 1
2025-05-20 23:39:55.760 DEBUG [main] com.securechat.store.SignalStore - [SignalStore] Loaded session for alice device 1
2025-05-20 23:39:55.761 DEBUG [main] com.securechat.store.SignalStore - [SignalStore] Stored session for alice device 1
2025-05-20 23:39:55.761 INFO  [main] c.s.c.l.SignalProtocolManager - [SignalProtocolManager] Encrypted message for peer alice device 1
2025-05-20 23:39:55.761 INFO  [main] c.securechat.network.PacketManager - [bob] Sent MESSAGE to alice
2025-05-20 23:39:55.761 DEBUG [pool-2-thread-2] c.securechat.network.MessageRouter - Routed message from 'bob' to 'alice@1'
2025-05-20 23:39:55.762 INFO  [main] com.securechat.client.UserClient - [bob] Sent message to alice:1
2025-05-20 23:39:55.762 DEBUG [pool-5-thread-1] com.securechat.store.SignalStore - [SignalStore] Loaded session for bob device 2
2025-05-20 23:39:55.762 INFO  [pool-2-thread-2] com.securechat.server.Server - [Server-8888] Routed MESSAGE packet from user 'bob' device '2'
2025-05-20 23:39:55.762 DEBUG [pool-5-thread-1] c.s.c.l.SignalProtocolManager - [SignalProtocolManager] Session check for peer bob device 2: true
2025-05-20 23:39:55.764 DEBUG [pool-5-thread-1] com.securechat.store.SignalStore - [SignalStore] Loaded session for bob device 2
2025-05-20 23:39:55.765 DEBUG [pool-5-thread-1] c.s.c.l.SignalProtocolManager - [SignalProtocolManager] Session check for peer bob device 2: true
2025-05-20 23:39:55.765 DEBUG [pool-5-thread-1] com.securechat.store.SignalStore - [SignalStore] Checking if session exists for bob device 2: true
2025-05-20 23:39:55.765 DEBUG [pool-5-thread-1] com.securechat.store.SignalStore - [SignalStore] Loaded session for bob device 2
2025-05-20 23:39:55.767 DEBUG [pool-5-thread-1] com.securechat.store.SignalStore - [SignalStore] Identity for bob device 2 trusted? true
2025-05-20 23:39:55.767 DEBUG [pool-5-thread-1] com.securechat.store.SignalStore - [SignalStore] Identity for bob device 2 unchanged
2025-05-20 23:39:55.767 DEBUG [pool-5-thread-1] com.securechat.store.SignalStore - [SignalStore] Stored session for bob device 2
2025-05-20 23:39:55.768 DEBUG [pool-5-thread-1] com.securechat.store.SignalStore - [SignalStore] Loaded session for bob device 2
2025-05-20 23:39:55.768 DEBUG [pool-5-thread-1] com.securechat.store.SignalStore - [SignalStore] Stored session for bob device 2
2025-05-20 23:39:55.768 INFO  [pool-5-thread-1] c.s.c.l.SignalProtocolManager - [SignalProtocolManager] Decrypted message from bob device 2
2025-05-20 23:39:55.768 INFO  [pool-5-thread-1] c.securechat.network.PacketManager - [alice] Received MESSAGE from bob:2: 12 Anytime! Looking forward to seeing how well our secure chat holds up under more complex exchanges.
